# JRE version: OpenJDK Runtime Environment (8.0_191-b12) (build 1.8.0_191-8u191-b12-2ubuntu0.16.04.1-b12)
# Java VM: OpenJDK 64-Bit Server VM (25.191-b12 mixed mode linux-amd64 compressed oops)
Heap:
 def new generation   total 9792K, used 1054K [0x00000000e0a00000, 0x00000000e14a0000, 0x00000000eb150000)
  eden space 8704K,  12% used [0x00000000e0a00000, 0x00000000e0b07b58, 0x00000000e1280000)
  from space 1088K,   0% used [0x00000000e1390000, 0x00000000e1390000, 0x00000000e14a0000)
  to   space 1088K,   0% used [0x00000000e1280000, 0x00000000e1280000, 0x00000000e1390000)
 tenured generation   total 23808K, used 23807K [0x00000000eb150000, 0x00000000ec890000, 0x0000000100000000)
   the space 23808K,  99% used [0x00000000eb150000, 0x00000000ec88ff90, 0x00000000ec890000, 0x00000000ec890000)
 Metaspace       used 13351K, capacity 13576K, committed 13824K, reserved 1060864K
  class space    used 1418K, capacity 1490K, committed 1536K, reserved 1048576K
GC Heap History (10 events):
Event: 23.740 GC heap after
Heap after GC invocations=8 (full 0):
 def new generation   total 9792K, used 1088K [0x00000000e0a00000, 0x00000000e14a0000, 0x00000000eb150000)
  eden space 8704K,   0% used [0x00000000e0a00000, 0x00000000e0a00000, 0x00000000e1280000)
  from space 1088K, 100% used [0x00000000e1280000, 0x00000000e1390000, 0x00000000e1390000)
  to   space 1088K,   0% used [0x00000000e1390000, 0x00000000e1390000, 0x00000000e14a0000)
 tenured generation   total 21888K, used 14648K [0x00000000eb150000, 0x00000000ec6b0000, 0x0000000100000000)
   the space 21888K,  66% used [0x00000000eb150000, 0x00000000ebf9e060, 0x00000000ebf9e200, 0x00000000ec6b0000)
 Metaspace       used 13069K, capacity 13300K, committed 13568K, reserved 1060864K
  class space    used 1411K, capacity 1488K, committed 1536K, reserved 1048576K
}
Event: 27.575 GC heap before
{Heap before GC invocations=8 (full 0):
 def new generation   total 9792K, used 9792K [0x00000000e0a00000, 0x00000000e14a0000, 0x00000000eb150000)
  eden space 8704K, 100% used [0x00000000e0a00000, 0x00000000e1280000, 0x00000000e1280000)
  from space 1088K, 100% used [0x00000000e1280000, 0x00000000e1390000, 0x00000000e1390000)
  to   space 1088K,   0% used [0x00000000e1390000, 0x00000000e1390000, 0x00000000e14a0000)
 tenured generation   total 21888K, used 14648K [0x00000000eb150000, 0x00000000ec6b0000, 0x0000000100000000)
   the space 21888K,  66% used [0x00000000eb150000, 0x00000000ebf9e060, 0x00000000ebf9e200, 0x00000000ec6b0000)
 Metaspace       used 13144K, capacity 13370K, committed 13568K, reserved 1060864K
  class space    used 1412K, capacity 1489K, committed 1536K, reserved 1048576K
Event: 27.651 GC heap after
Heap after GC invocations=9 (full 0):
 def new generation   total 9792K, used 1088K [0x00000000e0a00000, 0x00000000e14a0000, 0x00000000eb150000)
  eden space 8704K,   0% used [0x00000000e0a00000, 0x00000000e0a00000, 0x00000000e1280000)
  from space 1088K, 100% used [0x00000000e1390000, 0x00000000e14a0000, 0x00000000e14a0000)
  to   space 1088K,   0% used [0x00000000e1280000, 0x00000000e1280000, 0x00000000e1390000)
 tenured generation   total 21888K, used 16287K [0x00000000eb150000, 0x00000000ec6b0000, 0x0000000100000000)
   the space 21888K,  74% used [0x00000000eb150000, 0x00000000ec137c00, 0x00000000ec137c00, 0x00000000ec6b0000)
 Metaspace       used 13144K, capacity 13370K, committed 13568K, reserved 1060864K
  class space    used 1412K, capacity 1489K, committed 1536K, reserved 1048576K
}
Event: 33.989 GC heap before
{Heap before GC invocations=9 (full 0):
 def new generation   total 9792K, used 9792K [0x00000000e0a00000, 0x00000000e14a0000, 0x00000000eb150000)
  eden space 8704K, 100% used [0x00000000e0a00000, 0x00000000e1280000, 0x00000000e1280000)
  from space 1088K, 100% used [0x00000000e1390000, 0x00000000e14a0000, 0x00000000e14a0000)
  to   space 1088K,   0% used [0x00000000e1280000, 0x00000000e1280000, 0x00000000e1390000)
 tenured generation   total 21888K, used 16287K [0x00000000eb150000, 0x00000000ec6b0000, 0x0000000100000000)
   the space 21888K,  74% used [0x00000000eb150000, 0x00000000ec137c00, 0x00000000ec137c00, 0x00000000ec6b0000)
 Metaspace       used 13236K, capacity 13442K, committed 13568K, reserved 1060864K
  class space    used 1412K, capacity 1489K, committed 1536K, reserved 1048576K
Event: 34.021 GC heap after
Heap after GC invocations=10 (full 0):
 def new generation   total 9792K, used 570K [0x00000000e0a00000, 0x00000000e14a0000, 0x00000000eb150000)
  eden space 8704K,   0% used [0x00000000e0a00000, 0x00000000e0a00000, 0x00000000e1280000)
  from space 1088K,  52% used [0x00000000e1280000, 0x00000000e130e948, 0x00000000e1390000)
  to   space 1088K,   0% used [0x00000000e1390000, 0x00000000e1390000, 0x00000000e14a0000)
 tenured generation   total 21888K, used 17343K [0x00000000eb150000, 0x00000000ec6b0000, 0x0000000100000000)
   the space 21888K,  79% used [0x00000000eb150000, 0x00000000ec23ff28, 0x00000000ec240000, 0x00000000ec6b0000)
 Metaspace       used 13236K, capacity 13442K, committed 13568K, reserved 1060864K
  class space    used 1412K, capacity 1489K, committed 1536K, reserved 1048576K
}
Event: 52.030 GC heap before
{Heap before GC invocations=10 (full 0):
 def new generation   total 9792K, used 7850K [0x00000000e0a00000, 0x00000000e14a0000, 0x00000000eb150000)
  eden space 8704K,  83% used [0x00000000e0a00000, 0x00000000e111bfb0, 0x00000000e1280000)
  from space 1088K,  52% used [0x00000000e1280000, 0x00000000e130e948, 0x00000000e1390000)
  to   space 1088K,   0% used [0x00000000e1390000, 0x00000000e1390000, 0x00000000e14a0000)
 tenured generation   total 21888K, used 17343K [0x00000000eb150000, 0x00000000ec6b0000, 0x0000000100000000)
   the space 21888K,  79% used [0x00000000eb150000, 0x00000000ec23ff28, 0x00000000ec240000, 0x00000000ec6b0000)
 Metaspace       used 13297K, capacity 13506K, committed 13824K, reserved 1060864K
  class space    used 1417K, capacity 1489K, committed 1536K, reserved 1048576K
Event: 52.046 GC heap after
Heap after GC invocations=11 (full 0):
 def new generation   total 9792K, used 632K [0x00000000e0a00000, 0x00000000e14a0000, 0x00000000eb150000)
  eden space 8704K,   0% used [0x00000000e0a00000, 0x00000000e0a00000, 0x00000000e1280000)
  from space 1088K,  58% used [0x00000000e1390000, 0x00000000e142e1c8, 0x00000000e14a0000)
  to   space 1088K,   0% used [0x00000000e1280000, 0x00000000e1280000, 0x00000000e1390000)
 tenured generation   total 21888K, used 17811K [0x00000000eb150000, 0x00000000ec6b0000, 0x0000000100000000)
   the space 21888K,  81% used [0x00000000eb150000, 0x00000000ec2b4db8, 0x00000000ec2b4e00, 0x00000000ec6b0000)
 Metaspace       used 13297K, capacity 13506K, committed 13824K, reserved 1060864K
  class space    used 1417K, capacity 1489K, committed 1536K, reserved 1048576K
}
Event: 53.620 GC heap before
{Heap before GC invocations=11 (full 0):
 def new generation   total 9792K, used 9336K [0x00000000e0a00000, 0x00000000e14a0000, 0x00000000eb150000)
  eden space 8704K, 100% used [0x00000000e0a00000, 0x00000000e1280000, 0x00000000e1280000)
  from space 1088K,  58% used [0x00000000e1390000, 0x00000000e142e1c8, 0x00000000e14a0000)
  to   space 1088K,   0% used [0x00000000e1280000, 0x00000000e1280000, 0x00000000e1390000)
 tenured generation   total 21888K, used 17811K [0x00000000eb150000, 0x00000000ec6b0000, 0x0000000100000000)
   the space 21888K,  81% used [0x00000000eb150000, 0x00000000ec2b4db8, 0x00000000ec2b4e00, 0x00000000ec6b0000)
 Metaspace       used 13317K, capacity 13506K, committed 13824K, reserved 1060864K
  class space    used 1417K, capacity 1489K, committed 1536K, reserved 1048576K
Event: 53.643 GC heap after
Heap after GC invocations=12 (full 0):
 def new generation   total 9792K, used 792K [0x00000000e0a00000, 0x00000000e14a0000, 0x00000000eb150000)
  eden space 8704K,   0% used [0x00000000e0a00000, 0x00000000e0a00000, 0x00000000e1280000)
  from space 1088K,  72% used [0x00000000e1280000, 0x00000000e1346218, 0x00000000e1390000)
  to   space 1088K,   0% used [0x00000000e1390000, 0x00000000e1390000, 0x00000000e14a0000)
 tenured generation   total 21888K, used 21500K [0x00000000eb150000, 0x00000000ec6b0000, 0x0000000100000000)
   the space 21888K,  98% used [0x00000000eb150000, 0x00000000ec64f2e8, 0x00000000ec64f400, 0x00000000ec6b0000)
 Metaspace       used 13317K, capacity 13506K, committed 13824K, reserved 1060864K
  class space    used 1417K, capacity 1489K, committed 1536K, reserved 1048576K
}
Event: 58.523 GC heap before
{Heap before GC invocations=12 (full 0):
 def new generation   total 9792K, used 9496K [0x00000000e0a00000, 0x00000000e14a0000, 0x00000000eb150000)
  eden space 8704K, 100% used [0x00000000e0a00000, 0x00000000e1280000, 0x00000000e1280000)
  from space 1088K,  72% used [0x00000000e1280000, 0x00000000e1346218, 0x00000000e1390000)
  to   space 1088K,   0% used [0x00000000e1390000, 0x00000000e1390000, 0x00000000e14a0000)
 tenured generation   total 21888K, used 21500K [0x00000000eb150000, 0x00000000ec6b0000, 0x0000000100000000)
   the space 21888K,  98% used [0x00000000eb150000, 0x00000000ec64f2e8, 0x00000000ec64f400, 0x00000000ec6b0000)
 Metaspace       used 13351K, capacity 13576K, committed 13824K, reserved 1060864K
  class space    used 1418K, capacity 1490K, committed 1536K, reserved 1048576K

