# JRE version: OpenJDK Runtime Environment (8.0_191-b12) (build 1.8.0_191-8u191-b12-2ubuntu0.16.04.1-b12)
# Java VM: OpenJDK 64-Bit Server VM (25.191-b12 mixed mode linux-amd64 compressed oops)
Heap:
 def new generation   total 28416K, used 12554K [0x00000000e0a00000, 0x00000000e28d0000, 0x00000000eb150000)
  eden space 25280K,  37% used [0x00000000e0a00000, 0x00000000e1332888, 0x00000000e22b0000)
  from space 3136K,  99% used [0x00000000e25c0000, 0x00000000e28cfff8, 0x00000000e28d0000)
  to   space 3136K,   0% used [0x00000000e22b0000, 0x00000000e22b0000, 0x00000000e25c0000)
 tenured generation   total 62936K, used 44379K [0x00000000eb150000, 0x00000000eeec6000, 0x0000000100000000)
   the space 62936K,  70% used [0x00000000eb150000, 0x00000000edca6df8, 0x00000000edca6e00, 0x00000000eeec6000)
 Metaspace       used 13267K, capacity 13450K, committed 13696K, reserved 1060864K
  class space    used 1278K, capacity 1357K, committed 1408K, reserved 1048576K
GC Heap History (10 events):
Event: 61.329 GC heap before
{Heap before GC invocations=42 (full 1):
 def new generation   total 16640K, used 16293K [0x00000000e0a00000, 0x00000000e1c00000, 0x00000000eb150000)
  eden space 14848K, 100% used [0x00000000e0a00000, 0x00000000e1880000, 0x00000000e1880000)
  from space 1792K,  80% used [0x00000000e1a40000, 0x00000000e1ba94f8, 0x00000000e1c00000)
  to   space 1792K,   0% used [0x00000000e1880000, 0x00000000e1880000, 0x00000000e1a40000)
 tenured generation   total 36800K, used 35254K [0x00000000eb150000, 0x00000000ed540000, 0x0000000100000000)
   the space 36800K,  95% used [0x00000000eb150000, 0x00000000ed3bd928, 0x00000000ed3bda00, 0x00000000ed540000)
 Metaspace       used 12429K, capacity 12644K, committed 12928K, reserved 1060864K
  class space    used 1262K, capacity 1352K, committed 1408K, reserved 1048576K
Event: 61.350 GC heap after
Heap after GC invocations=43 (full 1):
 def new generation   total 16640K, used 1451K [0x00000000e0a00000, 0x00000000e1c00000, 0x00000000eb150000)
  eden space 14848K,   0% used [0x00000000e0a00000, 0x00000000e0a00000, 0x00000000e1880000)
  from space 1792K,  80% used [0x00000000e1880000, 0x00000000e19eac90, 0x00000000e1a40000)
  to   space 1792K,   0% used [0x00000000e1a40000, 0x00000000e1a40000, 0x00000000e1c00000)
 tenured generation   total 36800K, used 36480K [0x00000000eb150000, 0x00000000ed540000, 0x0000000100000000)
   the space 36800K,  99% used [0x00000000eb150000, 0x00000000ed4f0048, 0x00000000ed4f0200, 0x00000000ed540000)
 Metaspace       used 12429K, capacity 12644K, committed 12928K, reserved 1060864K
  class space    used 1262K, capacity 1352K, committed 1408K, reserved 1048576K
}
Event: 64.358 GC heap before
{Heap before GC invocations=43 (full 1):
 def new generation   total 16640K, used 16299K [0x00000000e0a00000, 0x00000000e1c00000, 0x00000000eb150000)
  eden space 14848K, 100% used [0x00000000e0a00000, 0x00000000e1880000, 0x00000000e1880000)
  from space 1792K,  80% used [0x00000000e1880000, 0x00000000e19eac90, 0x00000000e1a40000)
  to   space 1792K,   0% used [0x00000000e1a40000, 0x00000000e1a40000, 0x00000000e1c00000)
 tenured generation   total 36800K, used 36480K [0x00000000eb150000, 0x00000000ed540000, 0x0000000100000000)
   the space 36800K,  99% used [0x00000000eb150000, 0x00000000ed4f0048, 0x00000000ed4f0200, 0x00000000ed540000)
 Metaspace       used 12430K, capacity 12644K, committed 12928K, reserved 1060864K
  class space    used 1263K, capacity 1352K, committed 1408K, reserved 1048576K
Event: 64.490 GC heap after
Heap after GC invocations=44 (full 2):
 def new generation   total 28416K, used 1401K [0x00000000e0a00000, 0x00000000e28d0000, 0x00000000eb150000)
  eden space 25280K,   5% used [0x00000000e0a00000, 0x00000000e0b5e7a0, 0x00000000e22b0000)
  from space 3136K,   0% used [0x00000000e22b0000, 0x00000000e22b0000, 0x00000000e25c0000)
  to   space 3136K,   0% used [0x00000000e25c0000, 0x00000000e25c0000, 0x00000000e28d0000)
 tenured generation   total 62936K, used 37759K [0x00000000eb150000, 0x00000000eeec6000, 0x0000000100000000)
   the space 62936K,  59% used [0x00000000eb150000, 0x00000000ed62fff0, 0x00000000ed630000, 0x00000000eeec6000)
 Metaspace       used 12430K, capacity 12644K, committed 12928K, reserved 1060864K
  class space    used 1263K, capacity 1352K, committed 1408K, reserved 1048576K
}
Event: 69.201 GC heap before
{Heap before GC invocations=44 (full 2):
 def new generation   total 28416K, used 25280K [0x00000000e0a00000, 0x00000000e28d0000, 0x00000000eb150000)
  eden space 25280K, 100% used [0x00000000e0a00000, 0x00000000e22b0000, 0x00000000e22b0000)
  from space 3136K,   0% used [0x00000000e22b0000, 0x00000000e22b0000, 0x00000000e25c0000)
  to   space 3136K,   0% used [0x00000000e25c0000, 0x00000000e25c0000, 0x00000000e28d0000)
 tenured generation   total 62936K, used 37759K [0x00000000eb150000, 0x00000000eeec6000, 0x0000000100000000)
   the space 62936K,  59% used [0x00000000eb150000, 0x00000000ed62fff0, 0x00000000ed630000, 0x00000000eeec6000)
 Metaspace       used 12444K, capacity 12644K, committed 12928K, reserved 1060864K
  class space    used 1263K, capacity 1352K, committed 1408K, reserved 1048576K
Event: 69.270 GC heap after
Heap after GC invocations=45 (full 2):
 def new generation   total 28416K, used 3135K [0x00000000e0a00000, 0x00000000e28d0000, 0x00000000eb150000)
  eden space 25280K,   0% used [0x00000000e0a00000, 0x00000000e0a00000, 0x00000000e22b0000)
  from space 3136K,  99% used [0x00000000e25c0000, 0x00000000e28cfff8, 0x00000000e28d0000)
  to   space 3136K,   0% used [0x00000000e22b0000, 0x00000000e22b0000, 0x00000000e25c0000)
 tenured generation   total 62936K, used 38111K [0x00000000eb150000, 0x00000000eeec6000, 0x0000000100000000)
   the space 62936K,  60% used [0x00000000eb150000, 0x00000000ed687cc8, 0x00000000ed687e00, 0x00000000eeec6000)
 Metaspace       used 12444K, capacity 12644K, committed 12928K, reserved 1060864K
  class space    used 1263K, capacity 1352K, committed 1408K, reserved 1048576K
}
Event: 74.194 GC heap before
{Heap before GC invocations=45 (full 2):
 def new generation   total 28416K, used 28415K [0x00000000e0a00000, 0x00000000e28d0000, 0x00000000eb150000)
  eden space 25280K,  99% used [0x00000000e0a00000, 0x00000000e22afea8, 0x00000000e22b0000)
  from space 3136K,  99% used [0x00000000e25c0000, 0x00000000e28cfff8, 0x00000000e28d0000)
  to   space 3136K,   0% used [0x00000000e22b0000, 0x00000000e22b0000, 0x00000000e25c0000)
 tenured generation   total 62936K, used 38111K [0x00000000eb150000, 0x00000000eeec6000, 0x0000000100000000)
   the space 62936K,  60% used [0x00000000eb150000, 0x00000000ed687cc8, 0x00000000ed687e00, 0x00000000eeec6000)
 Metaspace       used 12444K, capacity 12644K, committed 12928K, reserved 1060864K
  class space    used 1263K, capacity 1352K, committed 1408K, reserved 1048576K
Event: 74.245 GC heap after
Heap after GC invocations=46 (full 2):
 def new generation   total 28416K, used 2454K [0x00000000e0a00000, 0x00000000e28d0000, 0x00000000eb150000)
  eden space 25280K,   0% used [0x00000000e0a00000, 0x00000000e0a00000, 0x00000000e22b0000)
  from space 3136K,  78% used [0x00000000e22b0000, 0x00000000e2515a08, 0x00000000e25c0000)
  to   space 3136K,   0% used [0x00000000e25c0000, 0x00000000e25c0000, 0x00000000e28d0000)
 tenured generation   total 62936K, used 41162K [0x00000000eb150000, 0x00000000eeec6000, 0x0000000100000000)
   the space 62936K,  65% used [0x00000000eb150000, 0x00000000ed9829c8, 0x00000000ed982a00, 0x00000000eeec6000)
 Metaspace       used 12444K, capacity 12644K, committed 12928K, reserved 1060864K
  class space    used 1263K, capacity 1352K, committed 1408K, reserved 1048576K
}
Event: 99.296 GC heap before
{Heap before GC invocations=46 (full 2):
 def new generation   total 28416K, used 27734K [0x00000000e0a00000, 0x00000000e28d0000, 0x00000000eb150000)
  eden space 25280K, 100% used [0x00000000e0a00000, 0x00000000e22b0000, 0x00000000e22b0000)
  from space 3136K,  78% used [0x00000000e22b0000, 0x00000000e2515a08, 0x00000000e25c0000)
  to   space 3136K,   0% used [0x00000000e25c0000, 0x00000000e25c0000, 0x00000000e28d0000)
 tenured generation   total 62936K, used 41162K [0x00000000eb150000, 0x00000000eeec6000, 0x0000000100000000)
   the space 62936K,  65% used [0x00000000eb150000, 0x00000000ed9829c8, 0x00000000ed982a00, 0x00000000eeec6000)
 Metaspace       used 13193K, capacity 13386K, committed 13696K, reserved 1060864K
  class space    used 1278K, capacity 1357K, committed 1408K, reserved 1048576K
Event: 99.866 GC heap after
Heap after GC invocations=47 (full 2):
 def new generation   total 28416K, used 3135K [0x00000000e0a00000, 0x00000000e28d0000, 0x00000000eb150000)
  eden space 25280K,   0% used [0x00000000e0a00000, 0x00000000e0a00000, 0x00000000e22b0000)
  from space 3136K,  99% used [0x00000000e25c0000, 0x00000000e28cfff8, 0x00000000e28d0000)
  to   space 3136K,   0% used [0x00000000e22b0000, 0x00000000e22b0000, 0x00000000e25c0000)
 tenured generation   total 62936K, used 44379K [0x00000000eb150000, 0x00000000eeec6000, 0x0000000100000000)
   the space 62936K,  70% used [0x00000000eb150000, 0x00000000edca6df8, 0x00000000edca6e00, 0x00000000eeec6000)
 Metaspace       used 13193K, capacity 13386K, committed 13696K, reserved 1060864K
  class space    used 1278K, capacity 1357K, committed 1408K, reserved 1048576K
}

